Performing C++ SOURCE FILE Test CMAKE_HAVE_LIBC_PTHREAD failed with the following output:
Change Dir: /home/wanja/Schreibtisch/PommerLearn/CMakeFiles/CMakeTmp

Run Build Command(s):/usr/bin/make cmTC_de1f3/fast && /usr/bin/make -f CMakeFiles/cmTC_de1f3.dir/build.make CMakeFiles/cmTC_de1f3.dir/build
make[1]: Verzeichnis „/home/wanja/Schreibtisch/PommerLearn/CMakeFiles/CMakeTmp“ wird betreten
Building CXX object CMakeFiles/cmTC_de1f3.dir/src.cxx.o
/usr/bin/c++    -DCMAKE_HAVE_LIBC_PTHREAD   -o CMakeFiles/cmTC_de1f3.dir/src.cxx.o -c /home/wanja/Schreibtisch/PommerLearn/CMakeFiles/CMakeTmp/src.cxx
Linking CXX executable cmTC_de1f3
/usr/bin/cmake -E cmake_link_script CMakeFiles/cmTC_de1f3.dir/link.txt --verbose=1
/usr/bin/c++   -DCMAKE_HAVE_LIBC_PTHREAD    -rdynamic CMakeFiles/cmTC_de1f3.dir/src.cxx.o  -o cmTC_de1f3 
/usr/bin/ld: CMakeFiles/cmTC_de1f3.dir/src.cxx.o: in function `main':
src.cxx:(.text+0x46): undefined reference to `pthread_create'
/usr/bin/ld: src.cxx:(.text+0x52): undefined reference to `pthread_detach'
/usr/bin/ld: src.cxx:(.text+0x63): undefined reference to `pthread_join'
collect2: error: ld returned 1 exit status
make[1]: *** [CMakeFiles/cmTC_de1f3.dir/build.make:87: cmTC_de1f3] Fehler 1
make[1]: Verzeichnis „/home/wanja/Schreibtisch/PommerLearn/CMakeFiles/CMakeTmp“ wird verlassen
make: *** [Makefile:121: cmTC_de1f3/fast] Fehler 2


Source file was:
#include <pthread.h>

void* test_func(void* data)
{
  return data;
}

int main(void)
{
  pthread_t thread;
  pthread_create(&thread, NULL, test_func, NULL);
  pthread_detach(thread);
  pthread_join(thread, NULL);
  pthread_atfork(NULL, NULL, NULL);
  pthread_exit(NULL);

  return 0;
}

Determining if the function pthread_create exists in the pthreads failed with the following output:
Change Dir: /home/wanja/Schreibtisch/PommerLearn/CMakeFiles/CMakeTmp

Run Build Command(s):/usr/bin/make cmTC_7cc2d/fast && /usr/bin/make -f CMakeFiles/cmTC_7cc2d.dir/build.make CMakeFiles/cmTC_7cc2d.dir/build
make[1]: Verzeichnis „/home/wanja/Schreibtisch/PommerLearn/CMakeFiles/CMakeTmp“ wird betreten
Building CXX object CMakeFiles/cmTC_7cc2d.dir/CheckFunctionExists.cxx.o
/usr/bin/c++    -DCHECK_FUNCTION_EXISTS=pthread_create   -o CMakeFiles/cmTC_7cc2d.dir/CheckFunctionExists.cxx.o -c /home/wanja/Schreibtisch/PommerLearn/CMakeFiles/CheckLibraryExists/CheckFunctionExists.cxx
Linking CXX executable cmTC_7cc2d
/usr/bin/cmake -E cmake_link_script CMakeFiles/cmTC_7cc2d.dir/link.txt --verbose=1
/usr/bin/c++   -DCHECK_FUNCTION_EXISTS=pthread_create    -rdynamic CMakeFiles/cmTC_7cc2d.dir/CheckFunctionExists.cxx.o  -o cmTC_7cc2d  -lpthreads 
/usr/bin/ld: -lpthreads kann nicht gefunden werden
collect2: error: ld returned 1 exit status
make[1]: *** [CMakeFiles/cmTC_7cc2d.dir/build.make:87: cmTC_7cc2d] Fehler 1
make[1]: Verzeichnis „/home/wanja/Schreibtisch/PommerLearn/CMakeFiles/CMakeTmp“ wird verlassen
make: *** [Makefile:121: cmTC_7cc2d/fast] Fehler 2



